11/24/2025 08:45:43 PM - INFO - **Test Search Customer**
11/24/2025 08:45:47 PM - INFO - **Login Successful**
11/24/2025 08:47:12 PM - INFO - **Test Search Customer**
11/24/2025 08:47:15 PM - INFO - **Login Successful**
11/24/2025 08:53:00 PM - INFO - **Test Search Customer**
11/24/2025 08:53:03 PM - INFO - **Login Successful**
11/24/2025 08:55:32 PM - INFO - **Test Search Customer**
11/24/2025 08:55:34 PM - INFO - **Login Successful**
11/24/2025 08:59:51 PM - INFO - **Test Search Customer**
11/24/2025 08:59:54 PM - INFO - **Login Successful**
11/24/2025 09:06:47 PM - INFO - **Test Search Customer**
11/24/2025 09:06:50 PM - INFO - **Login Successful**
11/24/2025 09:09:04 PM - INFO - **Test Search Customer**
11/24/2025 09:09:07 PM - INFO - **Login Successful**
11/24/2025 09:11:46 PM - INFO - **Test Search Customer**
11/24/2025 09:11:49 PM - INFO - **Login Successful**
11/24/2025 09:13:01 PM - INFO - **Test Search Customer**
11/24/2025 09:13:04 PM - INFO - **Login Successful**
11/24/2025 09:13:23 PM - INFO - **Search Customer Successful**
11/25/2025 07:07:19 PM - INFO - **Test Search Customer**
11/25/2025 07:07:23 PM - INFO - **Login Successful**
11/25/2025 07:07:42 PM - INFO - **Search Customer Successful**
11/25/2025 07:14:52 PM - INFO - **Test Search Customer**
11/25/2025 07:14:55 PM - INFO - **Login Successful**
11/25/2025 07:15:13 PM - INFO - **Search Customer Successful**
11/25/2025 07:54:12 PM - INFO - **Test Search Customer**
11/25/2025 07:54:15 PM - INFO - **Login Successful**
11/25/2025 07:54:33 PM - INFO - **Search Customer Successful**
11/25/2025 08:01:37 PM - INFO - **Test Search Customer**
11/25/2025 08:01:41 PM - INFO - **Login Successful**
11/25/2025 08:02:01 PM - INFO - **Search Customer Successful**
11/25/2025 08:20:39 PM - INFO - **Test Search Customer**
11/25/2025 08:20:43 PM - INFO - **Login Successful**
11/25/2025 08:21:02 PM - INFO - **Search Customer Successful**
11/25/2025 08:26:57 PM - INFO - **Test Add Customer**
11/25/2025 08:27:01 PM - INFO - **Login Successful**
11/25/2025 08:27:01 PM - INFO - **Test Add Customer Test**
11/25/2025 08:27:14 PM - INFO - **providing user info**
11/25/2025 08:27:18 PM - INFO - **toast appeared**
11/25/2025 08:27:27 PM - INFO - **successfully validated message**
11/25/2025 08:27:52 PM - INFO - **Test Search Customer**
11/25/2025 08:27:55 PM - INFO - **Login Successful**
11/25/2025 08:28:14 PM - INFO - **Search Customer Successful**
11/25/2025 08:29:27 PM - INFO - **Test Search Customer**
11/25/2025 08:29:30 PM - INFO - **Login Successful**
11/25/2025 08:29:49 PM - INFO - **Search Customer Successful**
11/25/2025 08:30:21 PM - INFO - **Test Search Customer**
11/25/2025 08:30:24 PM - INFO - **Login Successful**
11/25/2025 08:30:43 PM - INFO - **Search Customer Successful**
11/25/2025 08:35:49 PM - INFO - **Test Search Customer**
11/25/2025 08:35:52 PM - INFO - **Login Successful**
11/25/2025 08:36:11 PM - INFO - **Search Customer Successful**
11/25/2025 08:45:03 PM - INFO - **Test Add Customer**
11/25/2025 08:45:07 PM - INFO - **Login Successful**
11/25/2025 08:45:07 PM - INFO - **Test Add Customer Test**
11/25/2025 08:45:16 PM - INFO - **providing user info**
11/25/2025 08:45:20 PM - INFO - **toast appeared**
11/25/2025 08:45:31 PM - INFO - **successfully validated message**
11/25/2025 08:51:58 PM - INFO - **Test Add Customer**
11/25/2025 08:52:02 PM - INFO - **Login Successful**
11/25/2025 08:52:02 PM - INFO - **Test Add Customer Test**
11/25/2025 08:52:11 PM - INFO - **providing user info**
11/25/2025 08:52:15 PM - INFO - **toast appeared**
11/25/2025 08:52:26 PM - INFO - **successfully validated message**
11/25/2025 08:52:47 PM - INFO - **Test Search Customer**
11/25/2025 08:52:50 PM - INFO - **Login Successful**
11/25/2025 08:53:09 PM - INFO - **Search Customer Successful**
11/26/2025 11:40:24 AM - INFO - **Test Add Customer**
11/26/2025 11:40:27 AM - INFO - **Login Successful**
11/26/2025 11:40:27 AM - INFO - **Test Add Customer Test**
11/26/2025 11:40:37 AM - INFO - **providing user info**
11/26/2025 11:40:41 AM - INFO - **toast appeared**
11/26/2025 11:40:51 AM - INFO - **successfully validated message**
11/26/2025 11:40:53 AM - INFO - ***Test_001_Login***
11/26/2025 11:40:53 AM - INFO - ***Started***
11/26/2025 11:40:56 AM - INFO - ***OrangeHRM Login Successful***
11/26/2025 11:55:59 AM - INFO - **Test Add Customer**
11/26/2025 11:56:03 AM - INFO - **Login Successful**
11/26/2025 11:56:03 AM - INFO - **Test Add Customer Test**
11/26/2025 11:56:13 AM - INFO - **providing user info**
11/26/2025 11:56:17 AM - INFO - **Toast appeared**
11/26/2025 11:56:27 AM - INFO - **successfully validated message**
11/26/2025 11:56:29 AM - INFO - ***Test_001_Login***
11/26/2025 11:56:29 AM - INFO - ***Started***
11/26/2025 11:56:33 AM - INFO - ***OrangeHRM Login Successful***
11/26/2025 11:59:22 AM - INFO - **Test Add Customer**
11/26/2025 11:59:25 AM - INFO - **Login Successful**
11/26/2025 11:59:25 AM - INFO - **Test Add Customer Test**
11/26/2025 11:59:35 AM - INFO - **providing user info**
11/26/2025 11:59:39 AM - INFO - **Toast appeared**
11/26/2025 11:59:49 AM - INFO - **successfully validated message**
11/26/2025 11:59:51 AM - INFO - **Test Home Page Title**
11/26/2025 11:59:54 AM - INFO - ***Test_001_Login***
11/26/2025 11:59:54 AM - INFO - ***Started***
11/26/2025 11:59:57 AM - INFO - ***OrangeHRM Login Successful***
11/26/2025 11:59:59 AM - INFO - ********** Test_002_DDT_Login STARTED **********
11/26/2025 12:00:01 PM - INFO - Total Rows in Excel: 7
11/26/2025 12:00:01 PM - INFO - Row 1 → USER: Admin, EXP: Login Successful
11/26/2025 12:00:14 PM - INFO - Login Unexpectedly Successful → FAIL
11/26/2025 12:00:16 PM - INFO - Row 2 → USER: Admin, EXP: Login Failed
11/26/2025 12:00:21 PM - INFO - Login Failed Unexpectedly → FAIL
11/26/2025 12:00:21 PM - INFO - Row 3 → USER: wronguser, EXP: Login Failed
11/26/2025 12:00:24 PM - INFO - Login Failed Unexpectedly → FAIL
11/26/2025 12:00:24 PM - INFO - Row 4 → USER: , EXP: Login Failed
11/26/2025 12:00:27 PM - INFO - Login Failed Unexpectedly → FAIL
11/26/2025 12:00:27 PM - INFO - Row 5 → USER: Admin, EXP: Login Failed
11/26/2025 12:00:30 PM - INFO - Login Failed Unexpectedly → FAIL
11/26/2025 12:00:30 PM - INFO - Row 6 → USER: , EXP: Login Failed
11/26/2025 12:00:33 PM - INFO - Login Failed Unexpectedly → FAIL
11/26/2025 12:00:35 PM - INFO - **Test Search Customer**
11/26/2025 12:00:39 PM - INFO - **Login Successful**
11/26/2025 12:00:58 PM - INFO - **Search Customer Successful**
11/26/2025 12:16:56 PM - INFO - **Test Add Customer**
11/26/2025 12:16:59 PM - INFO - **Login Successful**
11/26/2025 12:16:59 PM - INFO - **Test Add Customer Test**
11/26/2025 12:17:09 PM - INFO - **providing user info**
11/26/2025 12:17:13 PM - INFO - **Toast appeared**
11/26/2025 12:17:23 PM - INFO - **successfully validated message**
11/26/2025 12:17:25 PM - INFO - **Test Home Page Title**
11/26/2025 12:17:28 PM - INFO - ***Test_001_Login***
11/26/2025 12:17:28 PM - INFO - ***Started***
11/26/2025 12:17:31 PM - INFO - ***OrangeHRM Login Successful***
11/26/2025 12:17:32 PM - INFO - ********** Test_002_DDT_Login STARTED **********
11/26/2025 12:17:34 PM - INFO - Total Rows in Excel: 7
11/26/2025 12:17:34 PM - INFO - Row 1 → USER: Admin, EXP: Login Successful
11/26/2025 12:17:37 PM - INFO - Login Unexpectedly Successful → FAIL
11/26/2025 12:17:39 PM - INFO - Row 2 → USER: Admin, EXP: Login Failed
11/26/2025 12:17:42 PM - INFO - Login Failed Unexpectedly → FAIL
11/26/2025 12:17:42 PM - INFO - Row 3 → USER: wronguser, EXP: Login Failed
11/26/2025 12:17:45 PM - INFO - Login Failed Unexpectedly → FAIL
11/26/2025 12:17:45 PM - INFO - Row 4 → USER: , EXP: Login Failed
11/26/2025 12:17:49 PM - INFO - Login Failed Unexpectedly → FAIL
11/26/2025 12:17:49 PM - INFO - Row 5 → USER: Admin, EXP: Login Failed
11/26/2025 12:17:52 PM - INFO - Login Failed Unexpectedly → FAIL
11/26/2025 12:17:53 PM - INFO - Row 6 → USER: , EXP: Login Failed
11/26/2025 12:17:56 PM - INFO - Login Failed Unexpectedly → FAIL
11/26/2025 12:17:58 PM - INFO - **Test Search Customer**
11/26/2025 12:18:02 PM - INFO - **Login Successful**
11/26/2025 12:18:21 PM - INFO - **Search Customer Successful**
11/26/2025 12:32:03 PM - INFO - **Test Add Customer**
11/26/2025 12:32:06 PM - INFO - **Login Successful**
11/26/2025 12:32:06 PM - INFO - **Test Add Customer Test**
11/26/2025 12:32:15 PM - INFO - **providing user info**
11/26/2025 12:32:19 PM - INFO - **Toast appeared**
11/26/2025 12:32:29 PM - INFO - **successfully validated message**
11/26/2025 12:32:30 PM - INFO - ***Test_001_Login***
11/26/2025 12:32:30 PM - INFO - ***Started***
11/26/2025 12:32:33 PM - INFO - ***OrangeHRM Login Successful***
